[01m[K/home/qyd/dx/one_ws/src/odom_pub/src/odom_pub.cpp:[m[K In member function â€˜[01m[Kvoid OdomPub::updateOdometry(double, double, double, double, double)[m[Kâ€™:
[01m[K/home/qyd/dx/one_ws/src/odom_pub/src/odom_pub.cpp:25:35:[m[K [01;31m[Kerror: [m[Kâ€˜[01m[Klast_time[m[Kâ€™ was not declared in this scope; did you mean â€˜[01m[Kasctime[m[Kâ€™?
   25 |       double dt = (current_time - [01;31m[Klast_time[m[K).toSec();
      |                                   [01;31m[K^~~~~~~~~[m[K
      |                                   [32m[Kasctime[m[K
[01m[K/home/qyd/dx/one_ws/src/odom_pub/src/odom_pub.cpp:53:58:[m[K [01;31m[Kerror: [m[Kâ€˜[01m[Kgeometry_msgs::PoseWithCovariance_<std::allocator<void> >::_pose_type[m[Kâ€™ {aka â€˜[01m[Kstruct geometry_msgs::Pose_<std::allocator<void> >[m[Kâ€™} has no member named â€˜[01m[Kquaternion[m[Kâ€™
   53 |       odom_trans.transform.rotation = odom_msg.pose.pose.[01;31m[Kquaternion[m[K ;
      |                                                          [01;31m[K^~~~~~~~~~[m[K
make[2]: *** [CMakeFiles/odom_pub.dir/build.make:63ï¼šCMakeFiles/odom_pub.dir/src/odom_pub.cpp.o] é”™è¯¯ 1
make[1]: *** [CMakeFiles/Makefile2:180ï¼šCMakeFiles/odom_pub.dir/all] é”™è¯¯ 2
make: *** [Makefile:141ï¼šall] é”™è¯¯ 2
