/usr/bin/ld: /usr/lib/gcc/x86_64-linux-gnu/9/../../../x86_64-linux-gnu/Scrt1.o: in function `_start':
(.text+0x24): undefined reference to `main'
collect2: error: ld returned 1 exit status
make[2]: *** [CMakeFiles/te.dir/build.make:111：/home/qyd/dx/one_ws/devel/.private/hero_controllers/lib/hero_controllers/te] 错误 1
make[1]: *** [CMakeFiles/Makefile2:460：CMakeFiles/te.dir/all] 错误 2
make[1]: *** 正在等待未完成的任务....
make: *** [Makefile:141：all] 错误 2
