[01m[K/home/qyd/dx/one_ws/src/hero_chassis_controller/src/mecanum_wheels_pub.cpp:[m[K In function ‘[01m[Kvoid cmd_vel_Callback(const ConstPtr&)[m[K’:
[01m[K/home/qyd/dx/one_ws/src/hero_chassis_controller/src/mecanum_wheels_pub.cpp:36:3:[m[K [01;31m[Kerror: [m[K‘[01m[Kfront_left_wheel_pub[m[K’ was not declared in this scope
   36 |   [01;31m[Kfront_left_wheel_pub[m[K.publish(left_front_wheel_speed_msg);
      |   [01;31m[K^~~~~~~~~~~~~~~~~~~~[m[K
[01m[K/home/qyd/dx/one_ws/src/hero_chassis_controller/src/mecanum_wheels_pub.cpp:37:3:[m[K [01;31m[Kerror: [m[K‘[01m[Kfront_back_wheel_pub[m[K’ was not declared in this scope; did you mean ‘[01m[Kright_back_wheel_pub[m[K’?
   37 |   [01;31m[Kfront_back_wheel_pub[m[K.publish(right_front_wheel_speed_msg);
      |   [01;31m[K^~~~~~~~~~~~~~~~~~~~[m[K
      |   [32m[Kright_back_wheel_pub[m[K
make[2]: *** [CMakeFiles/mecanum_wheels_pub.dir/build.make:63：CMakeFiles/mecanum_wheels_pub.dir/src/mecanum_wheels_pub.cpp.o] 错误 1
make[1]: *** [CMakeFiles/Makefile2:837：CMakeFiles/mecanum_wheels_pub.dir/all] 错误 2
make[1]: *** 正在等待未完成的任务....
make: *** [Makefile:141：all] 错误 2
