[01m[K/home/qyd/dx/one_ws/src/tf_transform/src/tf_transform.cpp:66:1:[m[K [01;31m[Kerror: [m[Kexpected â€˜[01m[K}[m[Kâ€™ at end of input
   66 | [01;31m[K}[m[K
      | [01;31m[K^[m[K
[01m[K/home/qyd/dx/one_ws/src/tf_transform/src/tf_transform.cpp:5:26:[m[K [01;36m[Knote: [m[Kto match this â€˜[01m[K{[m[Kâ€™
    5 | class VelocityController [01;36m[K{[m[K
      |                          [01;36m[K^[m[K
[01m[K/home/qyd/dx/one_ws/src/tf_transform/src/tf_transform.cpp:[m[K In constructor â€˜[01m[KVelocityController::VelocityController()[m[Kâ€™:
[01m[K/home/qyd/dx/one_ws/src/tf_transform/src/tf_transform.cpp:8:11:[m[K [01;31m[Kerror: [m[Kclass â€˜[01m[KVelocityController[m[Kâ€™ does not have any field named â€˜[01m[Knh[m[Kâ€™
    8 |         : [01;31m[Knh[m[K("~"), tf_listener(tf_buffer) {
      |           [01;31m[K^~[m[K
[01m[K/home/qyd/dx/one_ws/src/tf_transform/src/tf_transform.cpp:8:20:[m[K [01;31m[Kerror: [m[Kclass â€˜[01m[KVelocityController[m[Kâ€™ does not have any field named â€˜[01m[Ktf_listener[m[Kâ€™
    8 |         : nh("~"), [01;31m[Ktf_listener[m[K(tf_buffer) {
      |                    [01;31m[K^~~~~~~~~~~[m[K
[01m[K/home/qyd/dx/one_ws/src/tf_transform/src/tf_transform.cpp:8:32:[m[K [01;31m[Kerror: [m[Kâ€˜[01m[Ktf_buffer[m[Kâ€™ was not declared in this scope; did you mean â€˜[01m[Ksetbuffer[m[Kâ€™?
    8 |         : nh("~"), tf_listener([01;31m[Ktf_buffer[m[K) {
      |                                [01;31m[K^~~~~~~~~[m[K
      |                                [32m[Ksetbuffer[m[K
[01m[K/home/qyd/dx/one_ws/src/tf_transform/src/tf_transform.cpp:9:13:[m[K [01;31m[Kerror: [m[Kâ€˜[01m[Kcmd_vel_sub[m[Kâ€™ was not declared in this scope
    9 |             [01;31m[Kcmd_vel_sub[m[K = nh.subscribe("/cmd_vel", 10, &VelocityController::cmdVelCallback, this);
      |             [01;31m[K^~~~~~~~~~~[m[K
[01m[K/home/qyd/dx/one_ws/src/tf_transform/src/tf_transform.cpp:9:27:[m[K [01;31m[Kerror: [m[Kâ€˜[01m[Knh[m[Kâ€™ was not declared in this scope
    9 |             cmd_vel_sub = [01;31m[Knh[m[K.subscribe("/cmd_vel", 10, &VelocityController::cmdVelCallback, this);
      |                           [01;31m[K^~[m[K
[01m[K/home/qyd/dx/one_ws/src/tf_transform/src/tf_transform.cpp:10:36:[m[K [01;31m[Kerror: [m[Kâ€˜[01m[Kwheel_base[m[Kâ€™ was not declared in this scope
   10 |             nh.param("wheel_base", [01;31m[Kwheel_base[m[K, 0.4);
      |                                    [01;31m[K^~~~~~~~~~[m[K
[01m[K/home/qyd/dx/one_ws/src/tf_transform/src/tf_transform.cpp:11:39:[m[K [01;31m[Kerror: [m[Kâ€˜[01m[Kvelocity_mode[m[Kâ€™ was not declared in this scope
   11 |             nh.param("velocity_mode", [01;31m[Kvelocity_mode[m[K, std::string("odom"));
      |                                       [01;31m[K^~~~~~~~~~~~~[m[K
[01m[K/home/qyd/dx/one_ws/src/tf_transform/src/tf_transform.cpp:[m[K In member function â€˜[01m[Kvoid VelocityController::cmdVelCallback(const TwistConstPtr&)[m[Kâ€™:
[01m[K/home/qyd/dx/one_ws/src/tf_transform/src/tf_transform.cpp:18:11:[m[K [01;31m[Kerror: [m[Kâ€˜[01m[Kvelocity_mode[m[Kâ€™ was not declared in this scope
   18 |       if ([01;31m[Kvelocity_mode[m[K == "base_link") {
      |           [01;31m[K^~~~~~~~~~~~~[m[K
[01m[K/home/qyd/dx/one_ws/src/tf_transform/src/tf_transform.cpp:19:9:[m[K [01;31m[Kerror: [m[Kâ€˜[01m[KinverseKinematics[m[Kâ€™ was not declared in this scope
   19 |         [01;31m[KinverseKinematics[m[K(vx,vy,wz,v1, v2, v3, v4);
      |         [01;31m[K^~~~~~~~~~~~~~~~~[m[K
[01m[K/home/qyd/dx/one_ws/src/tf_transform/src/tf_transform.cpp:20:9:[m[K [01;31m[Kerror: [m[Kâ€˜[01m[KexcuteWheelSpeeds[m[Kâ€™ was not declared in this scope
   20 |         [01;31m[KexcuteWheelSpeeds[m[K(v1,v2,v3,v4);
      |         [01;31m[K^~~~~~~~~~~~~~~~~[m[K
[01m[K/home/qyd/dx/one_ws/src/tf_transform/src/tf_transform.cpp:23:12:[m[K [01;31m[Kerror: [m[Kâ€˜[01m[KtransformVelocityToBaseLink[m[Kâ€™ was not declared in this scope
   23 |         if([01;31m[KtransformVelocityToBaseLink[m[K(msg, transformed_cmd_vel){
      |            [01;31m[K^~~~~~~~~~~~~~~~~~~~~~~~~~~[m[K
[01m[K/home/qyd/dx/one_ws/src/tf_transform/src/tf_transform.cpp:23:65:[m[K [01;31m[Kerror: [m[Kexpected â€˜[01m[K)[m[Kâ€™ before â€˜[01m[K{[m[Kâ€™ token
   23 |         if[34m[K([m[KtransformVelocityToBaseLink(msg, transformed_cmd_vel)[01;31m[K{[m[K
      |           [34m[K~[m[K                                                     [01;31m[K^[m[K
      |                                                                 [32m[K)[m[K
[01m[K/home/qyd/dx/one_ws/src/tf_transform/src/tf_transform.cpp:29:7:[m[K [01;31m[Kerror: [m[Kexpected primary-expression before â€˜[01m[K}[m[Kâ€™ token
   29 |       [01;31m[K}[m[Kelse {
      |       [01;31m[K^[m[K
[01m[K/home/qyd/dx/one_ws/src/tf_transform/src/tf_transform.cpp:[m[K At global scope:
[01m[K/home/qyd/dx/one_ws/src/tf_transform/src/tf_transform.cpp:32:5:[m[K [01;31m[Kerror: [m[Kexpected unqualified-id at end of input
   32 |     [01;31m[K}[m[K
      |     [01;31m[K^[m[K
make[2]: *** [CMakeFiles/tf_transform.dir/build.make:63ï¼šCMakeFiles/tf_transform.dir/src/tf_transform.cpp.o] é”™è¯¯ 1
make[1]: *** [CMakeFiles/Makefile2:175ï¼šCMakeFiles/tf_transform.dir/all] é”™è¯¯ 2
make: *** [Makefile:141ï¼šall] é”™è¯¯ 2
