[01m[K/home/qyd/dx/one_ws/src/tf_transform/src/tf_transform.cpp:66:1:[m[K [01;31m[Kerror: [m[Kexpected â€˜[01m[K}[m[Kâ€™ at end of input
   66 | [01;31m[K}[m[K
      | [01;31m[K^[m[K
[01m[K/home/qyd/dx/one_ws/src/tf_transform/src/tf_transform.cpp:5:26:[m[K [01;36m[Knote: [m[Kto match this â€˜[01m[K{[m[Kâ€™
    5 | class VelocityController [01;36m[K{[m[K
      |                          [01;36m[K^[m[K
[01m[K/home/qyd/dx/one_ws/src/tf_transform/src/tf_transform.cpp:[m[K In constructor â€˜[01m[KVelocityController::VelocityController()[m[Kâ€™:
[01m[K/home/qyd/dx/one_ws/src/tf_transform/src/tf_transform.cpp:8:9:[m[K [01;31m[Kerror: [m[Kexpected primary-expression before â€˜[01m[K:[m[Kâ€™ token
    8 |         [01;31m[K:[m[K nh("~"), tf_listener(tf_buffer) {
      |         [01;31m[K^[m[K
[01m[K/home/qyd/dx/one_ws/src/tf_transform/src/tf_transform.cpp:13:66:[m[K [01;31m[Kerror: [m[Ka function-definition is not allowed here before â€˜[01m[K{[m[Kâ€™ token
   13 |     void cmdVelCallback(const geometry_msgs::TwistConstPtr& msg) [01;31m[K{[m[K
      |                                                                  [01;31m[K^[m[K
[01m[K/home/qyd/dx/one_ws/src/tf_transform/src/tf_transform.cpp:33:5:[m[K [01;31m[Kerror: [m[Kexpected primary-expression before â€˜[01m[Kprivate[m[Kâ€™
   33 |     [01;31m[Kprivate[m[K:
      |     [01;31m[K^~~~~~~[m[K
[01m[K/home/qyd/dx/one_ws/src/tf_transform/src/tf_transform.cpp:37:34:[m[K [01;31m[Kerror: [m[Kno matching function for call to â€˜[01m[Ktf2_ros::TransformListener::TransformListener()[m[Kâ€™
   37 |       tf2_ros::TransformListener [01;31m[Ktf_listener[m[K;
      |                                  [01;31m[K^~~~~~~~~~~[m[K
In file included from [01m[K/home/qyd/dx/one_ws/src/tf_transform/src/tf_transform.cpp:3[m[K:
[01m[K/opt/ros/noetic/include/tf2_ros/transform_listener.h:55:3:[m[K [01;36m[Knote: [m[Kcandidate: â€˜[01m[Ktf2_ros::TransformListener::TransformListener(tf2::BufferCore&, const ros::NodeHandle&, bool, ros::TransportHints)[m[Kâ€™
   55 |   [01;36m[KTransformListener[m[K(tf2::BufferCore& buffer, const ros::NodeHandle& nh, bool spin_thread = true,
      |   [01;36m[K^~~~~~~~~~~~~~~~~[m[K
[01m[K/opt/ros/noetic/include/tf2_ros/transform_listener.h:55:3:[m[K [01;36m[Knote: [m[K  candidate expects 4 arguments, 0 provided
[01m[K/opt/ros/noetic/include/tf2_ros/transform_listener.h:53:3:[m[K [01;36m[Knote: [m[Kcandidate: â€˜[01m[Ktf2_ros::TransformListener::TransformListener(tf2::BufferCore&, bool, ros::TransportHints)[m[Kâ€™
   53 |   [01;36m[KTransformListener[m[K(tf2::BufferCore& buffer, bool spin_thread = true,
      |   [01;36m[K^~~~~~~~~~~~~~~~~[m[K
[01m[K/opt/ros/noetic/include/tf2_ros/transform_listener.h:53:3:[m[K [01;36m[Knote: [m[K  candidate expects 3 arguments, 0 provided
[01m[K/home/qyd/dx/one_ws/src/tf_transform/src/tf_transform.cpp:40:111:[m[K [01;31m[Kerror: [m[Ka function-definition is not allowed here before â€˜[01m[K{[m[Kâ€™ token
   40 |       void inverseKinematics(double vx, double vy, double wz, double& v1, double& v2, double& v3, double& v4) [01;31m[K{[m[K
      |                                                                                                               [01;31m[K^[m[K
[01m[K/home/qyd/dx/one_ws/src/tf_transform/src/tf_transform.cpp:46:74:[m[K [01;31m[Kerror: [m[Ka function-definition is not allowed here before â€˜[01m[K{[m[Kâ€™ token
   46 |       void excuteWheelSpeeds(double v1, double v2, double v3, double v4) [01;31m[K{[m[K
      |                                                                          [01;31m[K^[m[K
[01m[K/home/qyd/dx/one_ws/src/tf_transform/src/tf_transform.cpp:50:7:[m[K [01;31m[Kerror: [m[Ka function-definition is not allowed here before â€˜[01m[K{[m[Kâ€™ token
   50 |       [01;31m[K{[m[K
      |       [01;31m[K^[m[K
[01m[K/home/qyd/dx/one_ws/src/tf_transform/src/tf_transform.cpp:[m[K At global scope:
[01m[K/home/qyd/dx/one_ws/src/tf_transform/src/tf_transform.cpp:60:1:[m[K [01;31m[Kerror: [m[Kexpected unqualified-id at end of input
   60 | [01;31m[K}[m[K;
      | [01;31m[K^[m[K
make[2]: *** [CMakeFiles/tf_transform.dir/build.make:63ï¼šCMakeFiles/tf_transform.dir/src/tf_transform.cpp.o] é”™è¯¯ 1
make[1]: *** [CMakeFiles/Makefile2:175ï¼šCMakeFiles/tf_transform.dir/all] é”™è¯¯ 2
make: *** [Makefile:141ï¼šall] é”™è¯¯ 2
